<?xml version="1.0" encoding="UTF-8"?>
<<<<<<< HEAD
<!-- Generated by org.testng.reporters.JUnitXMLReporter -->
<testsuite hostname="DSCHD-015" name="Default test" tests="1" failures="1" timestamp="4 Nov 2016 10:39:10 GMT" time="108.021" errors="0">
  <testcase name="TC_SS003_Test" time="106.476" classname="TestingXperts.smartshow.tests.TC_SS003">
    <failure type="java.lang.Exception" message="Test step has failed--&amp;gt;Verify delete Completed">
      <![CDATA[java.lang.Exception: Test step has failed-->Verify delete Completed
	at Utilities.KeywordUtil.checkStep(KeywordUtil.java:362)
	at TestingXperts.smartshow.tests.TC_SS003.TC_SS003_Test(TC_SS003.java:48)
	at TestingXperts.smartshow.tests.TC_SS003.TC_SS003_Test(TC_SS003.java:70)
	at sun.reflect.NativeMethodAccessorImpl.invoke0(Native Method)
	at sun.reflect.NativeMethodAccessorImpl.invoke(Unknown Source)
	at sun.reflect.DelegatingMethodAccessorImpl.invoke(Unknown Source)
	at java.lang.reflect.Method.invoke(Unknown Source)
	at org.testng.internal.MethodInvocationHelper.invokeMethod(MethodInvocationHelper.java:100)
	at org.testng.internal.Invoker.invokeMethod(Invoker.java:646)
	at org.testng.internal.Invoker.invokeTestMethod(Invoker.java:811)
	at org.testng.internal.Invoker.invokeTestMethods(Invoker.java:1129)
	at org.testng.internal.TestMethodWorker.invokeTestMethods(TestMethodWorker.java:129)
	at org.testng.internal.TestMethodWorker.run(TestMethodWorker.java:112)
	at org.testng.TestRunner.privateRun(TestRunner.java:746)
	at org.testng.TestRunner.run(TestRunner.java:600)
	at org.testng.SuiteRunner.runTest(SuiteRunner.java:366)
	at org.testng.SuiteRunner.runSequentially(SuiteRunner.java:361)
	at org.testng.SuiteRunner.privateRun(SuiteRunner.java:319)
	at org.testng.SuiteRunner.run(SuiteRunner.java:268)
	at org.testng.SuiteRunnerWorker.runSuite(SuiteRunnerWorker.java:52)
	at org.testng.SuiteRunnerWorker.run(SuiteRunnerWorker.java:86)
	at org.testng.TestNG.runSuitesSequentially(TestNG.java:1264)
	at org.testng.TestNG.runSuitesLocally(TestNG.java:1189)
	at org.testng.TestNG.runSuites(TestNG.java:1104)
	at org.testng.TestNG.run(TestNG.java:1076)
	at org.testng.remote.AbstractRemoteTestNG.run(AbstractRemoteTestNG.java:126)
	at org.testng.remote.RemoteTestNG.initAndRun(RemoteTestNG.java:152)
	at org.testng.remote.RemoteTestNG.main(RemoteTestNG.java:57)
]]>
    </failure>
  </testcase> <!-- TC_SS003_Test -->
=======
<!-- Generated by org.testng.reporters.JUnitXMLReporter -->
<testsuite hostname="DSCHD-015" name="Default test" tests="1" failures="0" timestamp="9 Nov 2016 12:45:57 GMT" time="147.104" errors="0">
  <testcase name="suiteRunner" time="147.077" classname="suite.runner.CustomSuiteRunner"/>
>>>>>>> refs/heads/master
</testsuite> <!-- Default test -->
