<?xml version="1.0" encoding="UTF-8"?>
<testng-results skipped="0" failed="0" total="1" passed="1">
  <reporter-output>
  </reporter-output>
  <suite name="Showing" duration-ms="12486" started-at="2016-11-16T09:31:30Z" finished-at="2016-11-16T09:31:42Z">
    <groups>
      <group name="All">
        <method signature="TC_SS001.TC_SS001_Test()[pri:0, instance:TestingXperts.smartshow.tests.TC_SS001@1623b78d]" name="TC_SS001_Test" class="TestingXperts.smartshow.tests.TC_SS001"/>
      </group> <!-- All -->
      <group name="Regression">
        <method signature="TC_SS001.TC_SS001_Test()[pri:0, instance:TestingXperts.smartshow.tests.TC_SS001@1623b78d]" name="TC_SS001_Test" class="TestingXperts.smartshow.tests.TC_SS001"/>
      </group> <!-- Regression -->
      <group name="Login">
        <method signature="TC_SS001.TC_SS001_Test()[pri:0, instance:TestingXperts.smartshow.tests.TC_SS001@1623b78d]" name="TC_SS001_Test" class="TestingXperts.smartshow.tests.TC_SS001"/>
      </group> <!-- Login -->
    </groups>
    <test name="Showing-Tests" duration-ms="12486" started-at="2016-11-16T09:31:30Z" finished-at="2016-11-16T09:31:42Z">
      <class name="TestingXperts.smartshow.tests.TC_SS001">
        <test-method status="PASS" signature="TC_SS001_Test()[pri:0, instance:TestingXperts.smartshow.tests.TC_SS001@1623b78d]" name="TC_SS001_Test" duration-ms="11859" started-at="2016-11-16T15:01:30Z" description="Verify display text and ui controls and Logo with Appropirate heading" finished-at="2016-11-16T15:01:42Z">
          <reporter-output>
          </reporter-output>
        </test-method> <!-- TC_SS001_Test -->
      </class> <!-- TestingXperts.smartshow.tests.TC_SS001 -->
    </test> <!-- Showing-Tests -->
  </suite> <!-- Showing -->
</testng-results>
